[debug] [2021-05-01T16:38:46.138Z] ----------------------------------------------------------------------
[debug] [2021-05-01T16:38:46.143Z] Command:       C:\Program Files\nodejs\node.exe C:\Users\USER\AppData\Roaming\npm\node_modules\firebase-tools\lib\bin\firebase.js init
[debug] [2021-05-01T16:38:46.144Z] CLI Version:   9.10.0
[debug] [2021-05-01T16:38:46.144Z] Platform:      win32
[debug] [2021-05-01T16:38:46.144Z] Node Version:  v14.15.3
[debug] [2021-05-01T16:38:46.145Z] Time:          Sat May 01 2021 22:38:46 GMT+0600 (Bangladesh Standard Time)
[debug] [2021-05-01T16:38:46.146Z] ----------------------------------------------------------------------
[debug] 
[debug] [2021-05-01T16:38:46.150Z] >>> [apiv2][query] GET https://firebase-public.firebaseio.com/cli.json [none]
[debug] [2021-05-01T16:38:46.182Z] > command requires scopes: ["email","openid","https://www.googleapis.com/auth/cloudplatformprojects.readonly","https://www.googleapis.com/auth/firebase","https://www.googleapis.com/auth/cloud-platform"]
[debug] [2021-05-01T16:38:46.183Z] > authorizing via signed-in user (ummes3527@gmail.com)
[info] 
     ######## #### ########  ######## ########     ###     ######  ########
     ##        ##  ##     ## ##       ##     ##  ##   ##  ##       ##
     ######    ##  ########  ######   ########  #########  ######  ######
     ##        ##  ##    ##  ##       ##     ## ##     ##       ## ##
     ##       #### ##     ## ######## ########  ##     ##  ######  ########

You're about to initialize a Firebase project in this directory:

  C:\WebDevelopment\portfolio

Before we get started, keep in mind:

  * You are currently outside your home directory

[debug] [2021-05-01T16:38:47.107Z] <<< [apiv2][status] GET https://firebase-public.firebaseio.com/cli.json 200
[debug] [2021-05-01T16:38:47.108Z] <<< [apiv2][body] GET https://firebase-public.firebaseio.com/cli.json {"cloudBuildErrorAfter":1594252800000,"cloudBuildWarnAfter":1590019200000,"defaultNode10After":1594252800000,"minVersion":"3.0.5","node8DeploysDisabledAfter":1613390400000,"node8RuntimeDisabledAfter":1615809600000,"node8WarnAfter":1600128000000}
[info] 
=== Project Setup
[info] 
[info] First, let's associate this project directory with a Firebase project.
[info] You can create multiple project aliases by running firebase use --add, 
[info] but for now we'll just set up a default project.
[info] 
[info] i  If you want to create a project in a Google Cloud organization or folder, please use "firebase projects:create" instead, and return to this command when you've created the project. 
[debug] [2021-05-01T16:40:47.862Z] > refreshing access token with scopes: ["email","https://www.googleapis.com/auth/cloud-platform","https://www.googleapis.com/auth/cloudplatformprojects.readonly","https://www.googleapis.com/auth/firebase","openid"]
[debug] [2021-05-01T16:40:47.863Z] >>> HTTP REQUEST POST https://www.googleapis.com/oauth2/v3/token  
 <request body omitted>
[debug] [2021-05-01T16:40:48.284Z] <<< HTTP RESPONSE 200 {"pragma":"no-cache","date":"Sat, 01 May 2021 16:40:49 GMT","expires":"Mon, 01 Jan 1990 00:00:00 GMT","cache-control":"no-cache, no-store, max-age=0, must-revalidate","content-type":"application/json; charset=utf-8","vary":"X-Origin, Referer, Origin,Accept-Encoding","server":"scaffolding on HTTPServer2","x-xss-protection":"0","x-frame-options":"SAMEORIGIN","x-content-type-options":"nosniff","alt-svc":"h3-29=\":443\"; ma=2592000,h3-T051=\":443\"; ma=2592000,h3-Q050=\":443\"; ma=2592000,h3-Q046=\":443\"; ma=2592000,h3-Q043=\":443\"; ma=2592000,quic=\":443\"; ma=2592000; v=\"46,43\"","accept-ranges":"none","transfer-encoding":"chunked"}
[debug] [2021-05-01T16:40:48.395Z] >>> HTTP REQUEST POST https://cloudresourcemanager.googleapis.com/v1/projects  
 {"projectId":"ummesalma","name":"salma"}
[debug] [2021-05-01T16:40:50.462Z] <<< HTTP RESPONSE 200 {"content-type":"application/json; charset=UTF-8","vary":"X-Origin, Referer, Origin,Accept-Encoding","date":"Sat, 01 May 2021 16:40:51 GMT","server":"ESF","cache-control":"private","x-xss-protection":"0","x-frame-options":"SAMEORIGIN","x-content-type-options":"nosniff","server-timing":"gfet4t7; dur=1676","alt-svc":"h3-29=\":443\"; ma=2592000,h3-T051=\":443\"; ma=2592000,h3-Q050=\":443\"; ma=2592000,h3-Q046=\":443\"; ma=2592000,h3-Q043=\":443\"; ma=2592000,quic=\":443\"; ma=2592000; v=\"46,43\"","accept-ranges":"none","transfer-encoding":"chunked"}
[debug] [2021-05-01T16:40:50.474Z] > refreshing access token with scopes: []
[debug] [2021-05-01T16:40:50.476Z] >>> HTTP REQUEST POST https://www.googleapis.com/oauth2/v3/token  
 <request body omitted>
[debug] [2021-05-01T16:40:50.978Z] <<< HTTP RESPONSE 200 {"date":"Sat, 01 May 2021 16:40:52 GMT","expires":"Mon, 01 Jan 1990 00:00:00 GMT","cache-control":"no-cache, no-store, max-age=0, must-revalidate","pragma":"no-cache","content-type":"application/json; charset=utf-8","vary":"X-Origin, Referer, Origin,Accept-Encoding","server":"scaffolding on HTTPServer2","x-xss-protection":"0","x-frame-options":"SAMEORIGIN","x-content-type-options":"nosniff","alt-svc":"h3-29=\":443\"; ma=2592000,h3-T051=\":443\"; ma=2592000,h3-Q050=\":443\"; ma=2592000,h3-Q046=\":443\"; ma=2592000,h3-Q043=\":443\"; ma=2592000,quic=\":443\"; ma=2592000; v=\"46,43\"","accept-ranges":"none","transfer-encoding":"chunked"}
[debug] [2021-05-01T16:40:51.100Z] >>> [apiv2][query] GET https://cloudresourcemanager.googleapis.com/v1/operations/cp.5394132460061277214 [none]
[debug] [2021-05-01T16:40:53.091Z] <<< [apiv2][status] GET https://cloudresourcemanager.googleapis.com/v1/operations/cp.5394132460061277214 200
[debug] [2021-05-01T16:40:53.091Z] <<< [apiv2][body] GET https://cloudresourcemanager.googleapis.com/v1/operations/cp.5394132460061277214 {"name":"operations/cp.5394132460061277214","metadata":{"@type":"type.googleapis.com/google.cloudresourcemanager.v1.ProjectCreationStatus","gettable":true}}
[debug] [2021-05-01T16:40:53.608Z] [Project Creation Poller] Retrying task index 0
[debug] [2021-05-01T16:40:53.610Z] >>> [apiv2][query] GET https://cloudresourcemanager.googleapis.com/v1/operations/cp.5394132460061277214 [none]
[debug] [2021-05-01T16:40:55.324Z] <<< [apiv2][status] GET https://cloudresourcemanager.googleapis.com/v1/operations/cp.5394132460061277214 200
[debug] [2021-05-01T16:40:55.325Z] <<< [apiv2][body] GET https://cloudresourcemanager.googleapis.com/v1/operations/cp.5394132460061277214 {"name":"operations/cp.5394132460061277214","metadata":{"@type":"type.googleapis.com/google.cloudresourcemanager.v1.ProjectCreationStatus","gettable":true,"ready":true},"done":true,"response":{"@type":"type.googleapis.com/google.cloudresourcemanager.v1.Project","projectNumber":"749064120296","projectId":"ummesalma","lifecycleState":"ACTIVE","name":"salma","createTime":"2021-05-01T16:40:51.022Z"}}
[debug] [2021-05-01T16:40:55.333Z] > refreshing access token with scopes: ["email","https://www.googleapis.com/auth/cloud-platform","https://www.googleapis.com/auth/cloudplatformprojects.readonly","https://www.googleapis.com/auth/firebase","openid"]
[debug] [2021-05-01T16:40:55.334Z] >>> HTTP REQUEST POST https://www.googleapis.com/oauth2/v3/token  
 <request body omitted>
[debug] [2021-05-01T16:40:55.744Z] <<< HTTP RESPONSE 200 {"cache-control":"no-cache, no-store, max-age=0, must-revalidate","expires":"Mon, 01 Jan 1990 00:00:00 GMT","date":"Sat, 01 May 2021 16:40:56 GMT","pragma":"no-cache","content-type":"application/json; charset=utf-8","vary":"X-Origin, Referer, Origin,Accept-Encoding","server":"scaffolding on HTTPServer2","x-xss-protection":"0","x-frame-options":"SAMEORIGIN","x-content-type-options":"nosniff","alt-svc":"h3-29=\":443\"; ma=2592000,h3-T051=\":443\"; ma=2592000,h3-Q050=\":443\"; ma=2592000,h3-Q046=\":443\"; ma=2592000,h3-Q043=\":443\"; ma=2592000,quic=\":443\"; ma=2592000; v=\"46,43\"","accept-ranges":"none","transfer-encoding":"chunked"}
[debug] [2021-05-01T16:40:55.842Z] >>> HTTP REQUEST POST https://firebase.googleapis.com/v1beta1/projects/ummesalma:addFirebase  
 
[debug] [2021-05-01T16:40:59.674Z] <<< HTTP RESPONSE 200 {"content-type":"application/json; charset=UTF-8","vary":"X-Origin, Referer, Origin,Accept-Encoding","date":"Sat, 01 May 2021 16:41:00 GMT","server":"ESF","cache-control":"private","x-xss-protection":"0","x-frame-options":"SAMEORIGIN","x-content-type-options":"nosniff","alt-svc":"h3-29=\":443\"; ma=2592000,h3-T051=\":443\"; ma=2592000,h3-Q050=\":443\"; ma=2592000,h3-Q046=\":443\"; ma=2592000,h3-Q043=\":443\"; ma=2592000,quic=\":443\"; ma=2592000; v=\"46,43\"","accept-ranges":"none","transfer-encoding":"chunked"}
[debug] [2021-05-01T16:40:59.677Z] > refreshing access token with scopes: []
[debug] [2021-05-01T16:40:59.678Z] >>> HTTP REQUEST POST https://www.googleapis.com/oauth2/v3/token  
 <request body omitted>
[debug] [2021-05-01T16:41:00.097Z] <<< HTTP RESPONSE 200 {"pragma":"no-cache","expires":"Mon, 01 Jan 1990 00:00:00 GMT","cache-control":"no-cache, no-store, max-age=0, must-revalidate","date":"Sat, 01 May 2021 16:41:01 GMT","content-type":"application/json; charset=utf-8","vary":"X-Origin, Referer, Origin,Accept-Encoding","server":"scaffolding on HTTPServer2","x-xss-protection":"0","x-frame-options":"SAMEORIGIN","x-content-type-options":"nosniff","alt-svc":"h3-29=\":443\"; ma=2592000,h3-T051=\":443\"; ma=2592000,h3-Q050=\":443\"; ma=2592000,h3-Q046=\":443\"; ma=2592000,h3-Q043=\":443\"; ma=2592000,quic=\":443\"; ma=2592000; v=\"46,43\"","accept-ranges":"none","transfer-encoding":"chunked"}
[debug] [2021-05-01T16:41:00.183Z] >>> [apiv2][query] GET https://firebase.googleapis.com/v1beta1/operations/workflows/MzRkMDFkMDgtNWNiZi00OTM4LTg0NmEtNjNlM2IxZjc0NWFh [none]
[debug] [2021-05-01T16:41:01.648Z] <<< [apiv2][status] GET https://firebase.googleapis.com/v1beta1/operations/workflows/MzRkMDFkMDgtNWNiZi00OTM4LTg0NmEtNjNlM2IxZjc0NWFh 200
[debug] [2021-05-01T16:41:01.649Z] <<< [apiv2][body] GET https://firebase.googleapis.com/v1beta1/operations/workflows/MzRkMDFkMDgtNWNiZi00OTM4LTg0NmEtNjNlM2IxZjc0NWFh {"name":"operations/workflows/MzRkMDFkMDgtNWNiZi00OTM4LTg0NmEtNjNlM2IxZjc0NWFh"}
[debug] [2021-05-01T16:41:02.154Z] [Add Firebase Poller] Retrying task index 0
[debug] [2021-05-01T16:41:02.156Z] >>> [apiv2][query] GET https://firebase.googleapis.com/v1beta1/operations/workflows/MzRkMDFkMDgtNWNiZi00OTM4LTg0NmEtNjNlM2IxZjc0NWFh [none]
[debug] [2021-05-01T16:41:03.605Z] <<< [apiv2][status] GET https://firebase.googleapis.com/v1beta1/operations/workflows/MzRkMDFkMDgtNWNiZi00OTM4LTg0NmEtNjNlM2IxZjc0NWFh 200
[debug] [2021-05-01T16:41:03.605Z] <<< [apiv2][body] GET https://firebase.googleapis.com/v1beta1/operations/workflows/MzRkMDFkMDgtNWNiZi00OTM4LTg0NmEtNjNlM2IxZjc0NWFh {"name":"operations/workflows/MzRkMDFkMDgtNWNiZi00OTM4LTg0NmEtNjNlM2IxZjc0NWFh"}
[debug] [2021-05-01T16:41:04.625Z] [Add Firebase Poller] Retrying task index 0
[debug] [2021-05-01T16:41:04.626Z] >>> [apiv2][query] GET https://firebase.googleapis.com/v1beta1/operations/workflows/MzRkMDFkMDgtNWNiZi00OTM4LTg0NmEtNjNlM2IxZjc0NWFh [none]
[debug] [2021-05-01T16:41:05.881Z] <<< [apiv2][status] GET https://firebase.googleapis.com/v1beta1/operations/workflows/MzRkMDFkMDgtNWNiZi00OTM4LTg0NmEtNjNlM2IxZjc0NWFh 200
[debug] [2021-05-01T16:41:05.881Z] <<< [apiv2][body] GET https://firebase.googleapis.com/v1beta1/operations/workflows/MzRkMDFkMDgtNWNiZi00OTM4LTg0NmEtNjNlM2IxZjc0NWFh {"name":"operations/workflows/MzRkMDFkMDgtNWNiZi00OTM4LTg0NmEtNjNlM2IxZjc0NWFh"}
[debug] [2021-05-01T16:41:07.893Z] [Add Firebase Poller] Retrying task index 0
[debug] [2021-05-01T16:41:07.895Z] >>> [apiv2][query] GET https://firebase.googleapis.com/v1beta1/operations/workflows/MzRkMDFkMDgtNWNiZi00OTM4LTg0NmEtNjNlM2IxZjc0NWFh [none]
[debug] [2021-05-01T16:41:08.842Z] <<< [apiv2][status] GET https://firebase.googleapis.com/v1beta1/operations/workflows/MzRkMDFkMDgtNWNiZi00OTM4LTg0NmEtNjNlM2IxZjc0NWFh 200
[debug] [2021-05-01T16:41:08.843Z] <<< [apiv2][body] GET https://firebase.googleapis.com/v1beta1/operations/workflows/MzRkMDFkMDgtNWNiZi00OTM4LTg0NmEtNjNlM2IxZjc0NWFh {"name":"operations/workflows/MzRkMDFkMDgtNWNiZi00OTM4LTg0NmEtNjNlM2IxZjc0NWFh","done":true,"response":{"@type":"type.googleapis.com/google.firebase.service.v1beta1.FirebaseProject","projectId":"ummesalma","projectNumber":"749064120296","displayName":"salma","name":"projects/ummesalma","resources":{"hostingSite":"ummesalma"}}}
[info] 
[info] === Your Firebase project is ready! ===
[info] 
[info] Project information:
[info]    - Project ID: ummesalma
[info]    - Project Name: salma
[info] 
[info] Firebase console is available at
[info] https://console.firebase.google.com/project/ummesalma/overview
[info] i  Using project ummesalma (salma) 
[info] 
=== Hosting Setup
[info] 
[info] Your public directory is the folder (relative to your project directory) that
[info] will contain Hosting assets to be uploaded with firebase deploy. If you
[info] have a build process for your assets, use your build's output directory.
[info] 
[debug] [2021-05-01T16:41:32.485Z] >>> [apiv2][query] GET https://www.gstatic.com/firebasejs/releases.json [none]
[debug] [2021-05-01T16:41:32.928Z] <<< [apiv2][status] GET https://www.gstatic.com/firebasejs/releases.json 200
[debug] [2021-05-01T16:41:32.929Z] <<< [apiv2][body] GET https://www.gstatic.com/firebasejs/releases.json {"current":{"version":"8.4.3","browserURL":"https://www.gstatic.com/firebasejs/8.4.3/firebase.js","packageURL":"https://www.gstatic.com/firebasejs/8.4.3/firebase.tgz"},"live":{"version":"8.4","browserURL":"https://www.gstatic.com/firebasejs/live/8.4/firebase.js","packageURL":"https://www.gstatic.com/firebasejs/live/8.4/firebase.tgz"},"components":{"analytics":"https://www.gstatic.com/firebasejs/8.4.3/firebase-analytics.js","app":"https://www.gstatic.com/firebasejs/8.4.3/firebase-app.js","auth":"https://www.gstatic.com/firebasejs/8.4.3/firebase-auth.js","database":"https://www.gstatic.com/firebasejs/8.4.3/firebase-database.js","firestore":"https://www.gstatic.com/firebasejs/8.4.3/firebase-firestore.js","functions":"https://www.gstatic.com/firebasejs/8.4.3/firebase-functions.js","installations":"https://www.gstatic.com/firebasejs/8.4.3/firebase-installations.js","messaging":"https://www.gstatic.com/firebasejs/8.4.3/firebase-messaging.js","storage":"https://www.gstatic.com/firebasejs/8.4.3/firebase-storage.js","performance":"https://www.gstatic.com/firebasejs/8.4.3/firebase-performance.js","remote-config":"https://www.gstatic.com/firebasejs/8.4.3/firebase-remote-config.js","firestore.memory":"https://www.gstatic.com/firebasejs/8.4.3/firebase-firestore.memory.js"}}
[info] +  Wrote public/index.html 
[info] 
[info] i  Detected a .git folder at C:\WebDevelopment\portfolio 
[info] i  Authorizing with GitHub to upload your service account to a GitHub repository's secrets store. 
[info] 
[info] Visit this URL on this device to log in:
[info] https://github.com/login/oauth/authorize?client_id=89cf50f02ac6aaed3484&state=1039341771&redirect_uri=http%3A%2F%2Flocalhost%3A9005&scope=read%3Auser%20repo%20public_repo
[info] 
[info] Waiting for authentication...
[debug] [2021-05-01T16:42:31.742Z] >>> HTTP REQUEST POST https://github.com/login/oauth/access_token  
 {"client_id":"89cf50f02ac6aaed3484","client_secret":"3330d14abc895d9a74d5f17cd7a00711fa2c5bf0","code":"2680101a33e07803a390","redirect_uri":"http://localhost:9005","state":"1039341771"}
[debug] [2021-05-01T16:42:32.375Z] <<< HTTP RESPONSE 200 {"server":"GitHub.com","date":"Sat, 01 May 2021 16:42:33 GMT","content-type":"application/json; charset=utf-8","transfer-encoding":"chunked","vary":"X-PJAX, Accept-Encoding, Accept, X-Requested-With","permissions-policy":"interest-cohort=()","etag":"W/\"9a175563f41cad300c0719fb1ee73769\"","cache-control":"max-age=0, private, must-revalidate","strict-transport-security":"max-age=31536000; includeSubdomains; preload","x-frame-options":"deny","x-content-type-options":"nosniff","x-xss-protection":"0","referrer-policy":"origin-when-cross-origin, strict-origin-when-cross-origin","expect-ct":"max-age=2592000, report-uri=\"https://api.github.com/_private/browser/errors\"","content-security-policy":"default-src 'none'; base-uri 'self'; block-all-mixed-content; connect-src 'self' uploads.github.com www.githubstatus.com collector.githubapp.com api.github.com github-cloud.s3.amazonaws.com github-production-repository-file-5c1aeb.s3.amazonaws.com github-production-upload-manifest-file-7fdce7.s3.amazonaws.com github-production-user-asset-6210df.s3.amazonaws.com cdn.optimizely.com logx.optimizely.com/v1/events wss://alive.github.com; font-src github.githubassets.com; form-action 'self' github.com gist.github.com; frame-ancestors 'none'; frame-src render.githubusercontent.com; img-src 'self' data: github.githubassets.com identicons.github.com collector.githubapp.com github-cloud.s3.amazonaws.com secured-user-images.githubusercontent.com/ *.githubusercontent.com; manifest-src 'self'; media-src 'none'; script-src github.githubassets.com; style-src 'unsafe-inline' github.githubassets.com; worker-src github.com/socket-worker-3f088aa2.js gist.github.com/socket-worker-3f088aa2.js","x-github-request-id":"D765:3D49:864231:8FDF4C:608D84F9"}
[debug] [2021-05-01T16:42:32.407Z] >>> [apiv2][query] GET https://api.github.com/user [none]
[debug] [2021-05-01T16:42:33.253Z] <<< [apiv2][status] GET https://api.github.com/user 200
[debug] [2021-05-01T16:42:33.253Z] <<< [apiv2][body] GET https://api.github.com/user {"login":"ummesalmaali","id":76788473,"node_id":"MDQ6VXNlcjc2Nzg4NDcz","avatar_url":"https://avatars.githubusercontent.com/u/76788473?v=4","gravatar_id":"","url":"https://api.github.com/users/ummesalmaali","html_url":"https://github.com/ummesalmaali","followers_url":"https://api.github.com/users/ummesalmaali/followers","following_url":"https://api.github.com/users/ummesalmaali/following{/other_user}","gists_url":"https://api.github.com/users/ummesalmaali/gists{/gist_id}","starred_url":"https://api.github.com/users/ummesalmaali/starred{/owner}{/repo}","subscriptions_url":"https://api.github.com/users/ummesalmaali/subscriptions","organizations_url":"https://api.github.com/users/ummesalmaali/orgs","repos_url":"https://api.github.com/users/ummesalmaali/repos","events_url":"https://api.github.com/users/ummesalmaali/events{/privacy}","received_events_url":"https://api.github.com/users/ummesalmaali/received_events","type":"User","site_admin":false,"name":null,"company":null,"blog":"ummes3527@gmail.com","location":"Chittagong,Bangladesh","email":null,"hireable":null,"bio":"Expertise in Front End Development, good command over different attitudes of developing dynamic web projects.❤❤","twitter_username":"UmmeSalmaAli2","public_repos":48,"public_gists":0,"followers":5,"following":2,"created_at":"2020-12-30T17:55:01Z","updated_at":"2021-05-01T16:42:32Z","private_gists":0,"total_private_repos":0,"owned_private_repos":0,"disk_usage":100510,"collaborators":0,"two_factor_authentication":false,"plan":{"name":"free","space":976562499,"collaborators":0,"private_repos":10000}}
[info] 
[info] +  Success! Logged into GitHub as ummesalmaali 
[info] 
[debug] [2021-05-01T16:42:51.058Z] >>> [apiv2][query] GET https://api.github.com/repos/user/actions/secrets/public-key type=owner
[debug] [2021-05-01T16:42:51.640Z] <<< [apiv2][status] GET https://api.github.com/repos/user/actions/secrets/public-key 404
[debug] [2021-05-01T16:42:51.641Z] <<< [apiv2][body] GET https://api.github.com/repos/user/actions/secrets/public-key {"message":"Not Found","documentation_url":"https://docs.github.com/rest"}
[debug] [2021-05-01T16:42:59.226Z] >>> [apiv2][query] GET https://api.github.com/repos/repository/actions/secrets/public-key type=owner
[debug] [2021-05-01T16:42:59.679Z] <<< [apiv2][status] GET https://api.github.com/repos/repository/actions/secrets/public-key 404
[debug] [2021-05-01T16:42:59.679Z] <<< [apiv2][body] GET https://api.github.com/repos/repository/actions/secrets/public-key {"message":"Not Found","documentation_url":"https://docs.github.com/rest"}
[debug] [2021-05-01T16:43:24.430Z] >>> [apiv2][query] GET https://api.github.com/repos/my-exclusive-portfolio/actions/secrets/public-key type=owner
[debug] [2021-05-01T16:43:24.879Z] <<< [apiv2][status] GET https://api.github.com/repos/my-exclusive-portfolio/actions/secrets/public-key 404
[debug] [2021-05-01T16:43:24.880Z] <<< [apiv2][body] GET https://api.github.com/repos/my-exclusive-portfolio/actions/secrets/public-key {"message":"Not Found","documentation_url":"https://docs.github.com/rest"}
[debug] [2021-05-01T16:43:33.198Z] >>> [apiv2][query] GET https://api.github.com/repos//actions/secrets/public-key type=owner
[debug] [2021-05-01T16:43:33.352Z] >>> [apiv2][query] GET https://api.github.com/repos//actions/secrets/public-key type=owner
[debug] [2021-05-01T16:43:33.699Z] <<< [apiv2][status] GET https://api.github.com/repos//actions/secrets/public-key 404
[debug] [2021-05-01T16:43:33.700Z] <<< [apiv2][body] GET https://api.github.com/repos//actions/secrets/public-key {"message":"Not Found","documentation_url":"https://docs.github.com/rest"}
[debug] [2021-05-01T16:43:33.789Z] >>> [apiv2][query] GET https://api.github.com/repos//actions/secrets/public-key type=owner
[debug] [2021-05-01T16:43:33.895Z] <<< [apiv2][status] GET https://api.github.com/repos//actions/secrets/public-key 404
[debug] [2021-05-01T16:43:33.896Z] <<< [apiv2][body] GET https://api.github.com/repos//actions/secrets/public-key {"message":"Not Found","documentation_url":"https://docs.github.com/rest"}
[debug] [2021-05-01T16:43:34.245Z] <<< [apiv2][status] GET https://api.github.com/repos//actions/secrets/public-key 404
[debug] [2021-05-01T16:43:34.245Z] <<< [apiv2][body] GET https://api.github.com/repos//actions/secrets/public-key {"message":"Not Found","documentation_url":"https://docs.github.com/rest"}
[debug] [2021-05-01T16:43:34.959Z] >>> [apiv2][query] GET https://api.github.com/repos//actions/secrets/public-key type=owner
[debug] [2021-05-01T16:43:35.427Z] <<< [apiv2][status] GET https://api.github.com/repos//actions/secrets/public-key 404
[debug] [2021-05-01T16:43:35.427Z] <<< [apiv2][body] GET https://api.github.com/repos//actions/secrets/public-key {"message":"Not Found","documentation_url":"https://docs.github.com/rest"}
[debug] [2021-05-01T16:46:01.907Z] >>> [apiv2][query] GET https://api.github.com/repos/none/actions/secrets/public-key type=owner
[debug] [2021-05-01T16:46:02.371Z] <<< [apiv2][status] GET https://api.github.com/repos/none/actions/secrets/public-key 404
[debug] [2021-05-01T16:46:02.371Z] <<< [apiv2][body] GET https://api.github.com/repos/none/actions/secrets/public-key {"message":"Not Found","documentation_url":"https://docs.github.com/rest"}
